{"message":"Something failed during startup.","stack":"Error: Something failed during startup.\n    at Object.<anonymous> (/Users/moshfeghhamedani/Desktop/node-course/vidly/index.js:29:7)\n    at Module._compile (module.js:635:30)\n    at Object.Module._extensions..js (module.js:646:10)\n    at Module.load (module.js:554:32)\n    at tryModuleLoad (module.js:497:12)\n    at Function.Module._load (module.js:489:3)\n    at Function.Module.runMain (module.js:676:10)\n    at startup (bootstrap_node.js:187:16)\n    at bootstrap_node.js:608:3","level":"error","timestamp":"2018-02-06T20:32:44.656Z"}
{"message":"Something failed miserably!","stack":"Error: Something failed miserably!\n    at Object.<anonymous> (/Users/moshfeghhamedani/Desktop/node-course/vidly/index.js:34:26)\n    at Module._compile (module.js:635:30)\n    at Object.Module._extensions..js (module.js:646:10)\n    at Module.load (module.js:554:32)\n    at tryModuleLoad (module.js:497:12)\n    at Function.Module._load (module.js:489:3)\n    at Function.Module.runMain (module.js:676:10)\n    at startup (bootstrap_node.js:187:16)\n    at bootstrap_node.js:608:3","level":"error","timestamp":"2018-02-06T20:53:50.001Z"}
{"message":"Could not get the genres.","stack":"Error: Could not get the genres.\n    at router.get (/Users/moshfeghhamedani/Desktop/node-course/vidly/routes/genres.js:9:9)\n    at /Users/moshfeghhamedani/Desktop/node-course/vidly/node_modules/express-async-errors/index.js:17:17\n    at Layer.handle [as handle_request] (/Users/moshfeghhamedani/Desktop/node-course/vidly/node_modules/express/lib/router/layer.js:95:5)\n    at next (/Users/moshfeghhamedani/Desktop/node-course/vidly/node_modules/express/lib/router/route.js:137:13)\n    at Route.dispatch (/Users/moshfeghhamedani/Desktop/node-course/vidly/node_modules/express/lib/router/route.js:112:3)\n    at /Users/moshfeghhamedani/Desktop/node-course/vidly/node_modules/express-async-errors/index.js:17:17\n    at Layer.handle [as handle_request] (/Users/moshfeghhamedani/Desktop/node-course/vidly/node_modules/express/lib/router/layer.js:95:5)\n    at /Users/moshfeghhamedani/Desktop/node-course/vidly/node_modules/express/lib/router/index.js:281:22\n    at Function.process_params (/Users/moshfeghhamedani/Desktop/node-course/vidly/node_modules/express/lib/router/index.js:335:12)\n    at next (/Users/moshfeghhamedani/Desktop/node-course/vidly/node_modules/express/lib/router/index.js:275:10)\n    at Function.handle (/Users/moshfeghhamedani/Desktop/node-course/vidly/node_modules/express/lib/router/index.js:174:3)\n    at router (/Users/moshfeghhamedani/Desktop/node-course/vidly/node_modules/express/lib/router/index.js:47:12)\n    at /Users/moshfeghhamedani/Desktop/node-course/vidly/node_modules/express-async-errors/index.js:17:17\n    at Layer.handle [as handle_request] (/Users/moshfeghhamedani/Desktop/node-course/vidly/node_modules/express/lib/router/layer.js:95:5)\n    at trim_prefix (/Users/moshfeghhamedani/Desktop/node-course/vidly/node_modules/express/lib/router/index.js:317:13)\n    at /Users/moshfeghhamedani/Desktop/node-course/vidly/node_modules/express/lib/router/index.js:284:7","level":"error","timestamp":"2018-02-06T21:21:42.521Z"}
{"message":"Could not get the genres.","stack":"Error: Could not get the genres.\n    at router.get (/Users/moshfeghhamedani/Desktop/node-course/vidly/routes/genres.js:9:9)\n    at /Users/moshfeghhamedani/Desktop/node-course/vidly/node_modules/express-async-errors/index.js:17:17\n    at Layer.handle [as handle_request] (/Users/moshfeghhamedani/Desktop/node-course/vidly/node_modules/express/lib/router/layer.js:95:5)\n    at next (/Users/moshfeghhamedani/Desktop/node-course/vidly/node_modules/express/lib/router/route.js:137:13)\n    at Route.dispatch (/Users/moshfeghhamedani/Desktop/node-course/vidly/node_modules/express/lib/router/route.js:112:3)\n    at /Users/moshfeghhamedani/Desktop/node-course/vidly/node_modules/express-async-errors/index.js:17:17\n    at Layer.handle [as handle_request] (/Users/moshfeghhamedani/Desktop/node-course/vidly/node_modules/express/lib/router/layer.js:95:5)\n    at /Users/moshfeghhamedani/Desktop/node-course/vidly/node_modules/express/lib/router/index.js:281:22\n    at Function.process_params (/Users/moshfeghhamedani/Desktop/node-course/vidly/node_modules/express/lib/router/index.js:335:12)\n    at next (/Users/moshfeghhamedani/Desktop/node-course/vidly/node_modules/express/lib/router/index.js:275:10)\n    at Function.handle (/Users/moshfeghhamedani/Desktop/node-course/vidly/node_modules/express/lib/router/index.js:174:3)\n    at router (/Users/moshfeghhamedani/Desktop/node-course/vidly/node_modules/express/lib/router/index.js:47:12)\n    at /Users/moshfeghhamedani/Desktop/node-course/vidly/node_modules/express-async-errors/index.js:17:17\n    at Layer.handle [as handle_request] (/Users/moshfeghhamedani/Desktop/node-course/vidly/node_modules/express/lib/router/layer.js:95:5)\n    at trim_prefix (/Users/moshfeghhamedani/Desktop/node-course/vidly/node_modules/express/lib/router/index.js:317:13)\n    at /Users/moshfeghhamedani/Desktop/node-course/vidly/node_modules/express/lib/router/index.js:284:7","level":"error","timestamp":"2018-02-06T21:21:43.301Z"}
{"message":"Could not get the genres.","stack":"Error: Could not get the genres.\n    at router.get (/Users/moshfeghhamedani/Desktop/node-course/vidly/routes/genres.js:9:9)\n    at /Users/moshfeghhamedani/Desktop/node-course/vidly/node_modules/express-async-errors/index.js:17:17\n    at Layer.handle [as handle_request] (/Users/moshfeghhamedani/Desktop/node-course/vidly/node_modules/express/lib/router/layer.js:95:5)\n    at next (/Users/moshfeghhamedani/Desktop/node-course/vidly/node_modules/express/lib/router/route.js:137:13)\n    at Route.dispatch (/Users/moshfeghhamedani/Desktop/node-course/vidly/node_modules/express/lib/router/route.js:112:3)\n    at /Users/moshfeghhamedani/Desktop/node-course/vidly/node_modules/express-async-errors/index.js:17:17\n    at Layer.handle [as handle_request] (/Users/moshfeghhamedani/Desktop/node-course/vidly/node_modules/express/lib/router/layer.js:95:5)\n    at /Users/moshfeghhamedani/Desktop/node-course/vidly/node_modules/express/lib/router/index.js:281:22\n    at Function.process_params (/Users/moshfeghhamedani/Desktop/node-course/vidly/node_modules/express/lib/router/index.js:335:12)\n    at next (/Users/moshfeghhamedani/Desktop/node-course/vidly/node_modules/express/lib/router/index.js:275:10)\n    at Function.handle (/Users/moshfeghhamedani/Desktop/node-course/vidly/node_modules/express/lib/router/index.js:174:3)\n    at router (/Users/moshfeghhamedani/Desktop/node-course/vidly/node_modules/express/lib/router/index.js:47:12)\n    at /Users/moshfeghhamedani/Desktop/node-course/vidly/node_modules/express-async-errors/index.js:17:17\n    at Layer.handle [as handle_request] (/Users/moshfeghhamedani/Desktop/node-course/vidly/node_modules/express/lib/router/layer.js:95:5)\n    at trim_prefix (/Users/moshfeghhamedani/Desktop/node-course/vidly/node_modules/express/lib/router/index.js:317:13)\n    at /Users/moshfeghhamedani/Desktop/node-course/vidly/node_modules/express/lib/router/index.js:284:7","level":"error","timestamp":"2018-02-06T21:21:52.096Z"}
{"message":"Could not get the genres.","stack":"Error: Could not get the genres.\n    at router.get (/Users/moshfeghhamedani/Desktop/node-course/vidly/routes/genres.js:9:9)\n    at /Users/moshfeghhamedani/Desktop/node-course/vidly/node_modules/express-async-errors/index.js:17:17\n    at Layer.handle [as handle_request] (/Users/moshfeghhamedani/Desktop/node-course/vidly/node_modules/express/lib/router/layer.js:95:5)\n    at next (/Users/moshfeghhamedani/Desktop/node-course/vidly/node_modules/express/lib/router/route.js:137:13)\n    at Route.dispatch (/Users/moshfeghhamedani/Desktop/node-course/vidly/node_modules/express/lib/router/route.js:112:3)\n    at /Users/moshfeghhamedani/Desktop/node-course/vidly/node_modules/express-async-errors/index.js:17:17\n    at Layer.handle [as handle_request] (/Users/moshfeghhamedani/Desktop/node-course/vidly/node_modules/express/lib/router/layer.js:95:5)\n    at /Users/moshfeghhamedani/Desktop/node-course/vidly/node_modules/express/lib/router/index.js:281:22\n    at Function.process_params (/Users/moshfeghhamedani/Desktop/node-course/vidly/node_modules/express/lib/router/index.js:335:12)\n    at next (/Users/moshfeghhamedani/Desktop/node-course/vidly/node_modules/express/lib/router/index.js:275:10)\n    at Function.handle (/Users/moshfeghhamedani/Desktop/node-course/vidly/node_modules/express/lib/router/index.js:174:3)\n    at router (/Users/moshfeghhamedani/Desktop/node-course/vidly/node_modules/express/lib/router/index.js:47:12)\n    at /Users/moshfeghhamedani/Desktop/node-course/vidly/node_modules/express-async-errors/index.js:17:17\n    at Layer.handle [as handle_request] (/Users/moshfeghhamedani/Desktop/node-course/vidly/node_modules/express/lib/router/layer.js:95:5)\n    at trim_prefix (/Users/moshfeghhamedani/Desktop/node-course/vidly/node_modules/express/lib/router/index.js:317:13)\n    at /Users/moshfeghhamedani/Desktop/node-course/vidly/node_modules/express/lib/router/index.js:284:7","level":"error","timestamp":"2018-02-06T21:21:53.806Z"}
{"level":"info","message":"Connected to MongoDB...","timestamp":"2018-02-06T21:34:26.743Z"}
{"level":"info","message":"Connected to MongoDB...","timestamp":"2018-02-06T21:39:24.124Z"}
{"level":"info","message":"Listening on port 3000...","timestamp":"2018-02-13T19:46:38.839Z"}
{"level":"info","message":"Connected to MongoDB...","timestamp":"2018-02-13T19:46:38.861Z"}
{"level":"info","message":"Listening on port 3000...","timestamp":"2018-02-13T20:02:31.852Z"}
{"level":"info","message":"Connected to mongodb://localhost/vidly...","timestamp":"2018-02-13T20:02:31.873Z"}
{"level":"info","message":"Listening on port 3000...","timestamp":"2018-02-13T20:03:10.196Z"}
{"level":"info","message":"Connected to mongodb://localhost/vidly_tests...","timestamp":"2018-02-13T20:03:10.216Z"}
{"level":"info","message":"Connected to mongodb://localhost/vidly_tests...","timestamp":"2018-02-13T20:27:25.716Z"}
{"level":"info","message":"Listening on port 3000...","timestamp":"2018-02-13T20:30:04.955Z"}
{"level":"info","message":"Connected to mongodb://localhost/vidly_tests...","timestamp":"2018-02-13T20:30:04.977Z"}
{"level":"info","message":"Listening on port 3000...","timestamp":"2018-02-13T20:30:12.297Z"}
{"level":"info","message":"Connected to mongodb://localhost/vidly_tests...","timestamp":"2018-02-13T20:30:12.356Z"}
{"level":"info","message":"Listening on port 3000...","timestamp":"2018-02-13T20:50:37.433Z"}
{"level":"info","message":"Connected to mongodb://localhost/vidly_tests...","timestamp":"2018-02-13T20:50:37.450Z"}
{"level":"info","message":"Listening on port 3000...","timestamp":"2018-02-13T20:55:18.295Z"}
{"level":"info","message":"Connected to mongodb://localhost/vidly_tests...","timestamp":"2018-02-13T20:55:18.310Z"}
{"level":"info","message":"Listening on port 3000...","timestamp":"2018-02-13T20:57:48.592Z"}
{"level":"info","message":"Connected to mongodb://localhost/vidly_tests...","timestamp":"2018-02-13T20:57:48.597Z"}
{"level":"info","message":"Listening on port 3000...","timestamp":"2018-02-13T20:58:08.617Z"}
{"level":"info","message":"Connected to mongodb://localhost/vidly_tests...","timestamp":"2018-02-13T20:58:08.623Z"}
{"level":"info","message":"Listening on port 3000...","timestamp":"2018-02-13T21:01:29.080Z"}
{"level":"info","message":"Connected to mongodb://localhost/vidly_tests...","timestamp":"2018-02-13T21:01:29.085Z"}
{"level":"info","message":"Listening on port 3000...","timestamp":"2018-02-13T21:01:46.915Z"}
{"level":"info","message":"Connected to mongodb://localhost/vidly_tests...","timestamp":"2018-02-13T21:01:46.921Z"}
{"level":"info","message":"Listening on port 3000...","timestamp":"2018-02-13T21:04:39.262Z"}
{"level":"info","message":"Connected to mongodb://localhost/vidly_tests...","timestamp":"2018-02-13T21:04:39.267Z"}
{"level":"info","message":"Listening on port 3000...","timestamp":"2018-02-13T21:08:51.311Z"}
{"level":"info","message":"Connected to mongodb://localhost/vidly_tests...","timestamp":"2018-02-13T21:08:51.317Z"}
{"level":"info","message":"Listening on port 3000...","timestamp":"2018-02-13T21:11:41.903Z"}
{"level":"info","message":"Connected to mongodb://localhost/vidly_tests...","timestamp":"2018-02-13T21:11:41.913Z"}
{"level":"info","message":"Listening on port 3000...","timestamp":"2018-02-13T21:15:14.584Z"}
{"level":"info","message":"Connected to mongodb://localhost/vidly_tests...","timestamp":"2018-02-13T21:15:14.588Z"}
{"level":"info","message":"Listening on port 3000...","timestamp":"2018-02-13T21:15:27.986Z"}
{"level":"info","message":"Connected to mongodb://localhost/vidly_tests...","timestamp":"2018-02-13T21:15:28.051Z"}
{"level":"info","message":"Listening on port 3000...","timestamp":"2018-02-13T21:17:59.584Z"}
{"level":"info","message":"Connected to mongodb://localhost/vidly_tests...","timestamp":"2018-02-13T21:17:59.592Z"}
{"level":"info","message":"Listening on port 3000...","timestamp":"2018-02-13T21:18:09.265Z"}
{"level":"info","message":"Connected to mongodb://localhost/vidly_tests...","timestamp":"2018-02-13T21:18:09.269Z"}
{"level":"info","message":"Listening on port 3000...","timestamp":"2018-02-13T21:20:18.021Z"}
{"level":"info","message":"Connected to mongodb://localhost/vidly_tests...","timestamp":"2018-02-13T21:20:18.026Z"}
{"level":"info","message":"Listening on port 3000...","timestamp":"2018-02-13T21:22:17.529Z"}
{"level":"info","message":"Connected to mongodb://localhost/vidly_tests...","timestamp":"2018-02-13T21:22:17.534Z"}
{"level":"info","message":"Listening on port 3000...","timestamp":"2018-02-13T22:15:14.480Z"}
{"level":"info","message":"Connected to mongodb://localhost/vidly_tests...","timestamp":"2018-02-13T22:15:14.614Z"}
{"level":"info","message":"Listening on port 3000...","timestamp":"2018-02-13T22:15:24.614Z"}
{"level":"info","message":"Connected to mongodb://localhost/vidly_tests...","timestamp":"2018-02-13T22:15:24.740Z"}
{"level":"info","message":"Listening on port 3000...","timestamp":"2018-02-13T22:22:34.000Z"}
{"level":"info","message":"Connected to mongodb://localhost/vidly_tests...","timestamp":"2018-02-13T22:22:34.003Z"}
{"level":"info","message":"Listening on port 3000...","timestamp":"2018-02-13T22:28:51.373Z"}
{"level":"info","message":"Connected to mongodb://localhost/vidly_tests...","timestamp":"2018-02-13T22:28:51.378Z"}
{"level":"info","message":"Listening on port 3000...","timestamp":"2018-02-13T22:30:02.471Z"}
{"level":"info","message":"Connected to mongodb://localhost/vidly_tests...","timestamp":"2018-02-13T22:30:02.539Z"}
{"level":"info","message":"Listening on port 3000...","timestamp":"2018-02-13T22:31:10.953Z"}
{"level":"info","message":"Connected to mongodb://localhost/vidly_tests...","timestamp":"2018-02-13T22:31:11.014Z"}
{"level":"info","message":"Listening on port 3000...","timestamp":"2018-02-13T22:32:52.901Z"}
{"level":"info","message":"Connected to mongodb://localhost/vidly_tests...","timestamp":"2018-02-13T22:32:52.972Z"}
{"level":"info","message":"Listening on port 3000...","timestamp":"2018-02-13T22:38:34.984Z"}
{"level":"info","message":"Connected to mongodb://localhost/vidly_tests...","timestamp":"2018-02-13T22:38:34.989Z"}
{"message":"Cast to ObjectId failed for value \"1\" at path \"_id\" for model \"Genre\"","stack":"CastError: Cast to ObjectId failed for value \"1\" at path \"_id\" for model \"Genre\"\n    at new CastError (/Users/moshfeghhamedani/Desktop/node-course/vidly/node_modules/mongoose/lib/error/cast.js:27:11)\n    at ObjectId.Object.<anonymous>.ObjectId.cast (/Users/moshfeghhamedani/Desktop/node-course/vidly/node_modules/mongoose/lib/schema/objectid.js:158:13)\n    at ObjectId.Object.<anonymous>.SchemaType.applySetters (/Users/moshfeghhamedani/Desktop/node-course/vidly/node_modules/mongoose/lib/schematype.js:701:12)\n    at ObjectId.Object.<anonymous>.SchemaType._castForQuery (/Users/moshfeghhamedani/Desktop/node-course/vidly/node_modules/mongoose/lib/schematype.js:1072:15)\n    at ObjectId.Object.<anonymous>.ObjectId.castForQuery (/Users/moshfeghhamedani/Desktop/node-course/vidly/node_modules/mongoose/lib/schema/objectid.js:198:15)\n    at ObjectId.Object.<anonymous>.SchemaType.castForQueryWrapper (/Users/moshfeghhamedani/Desktop/node-course/vidly/node_modules/mongoose/lib/schematype.js:1041:15)\n    at cast (/Users/moshfeghhamedani/Desktop/node-course/vidly/node_modules/mongoose/lib/cast.js:269:32)\n    at model.Query.Object.<anonymous>.Query.cast (/Users/moshfeghhamedani/Desktop/node-course/vidly/node_modules/mongoose/lib/query.js:3133:12)\n    at model.Query.Object.<anonymous>.Query._castConditions (/Users/moshfeghhamedani/Desktop/node-course/vidly/node_modules/mongoose/lib/query.js:1269:10)\n    at model.Query.Object.<anonymous>.Query._findOne (/Users/moshfeghhamedani/Desktop/node-course/vidly/node_modules/mongoose/lib/query.js:1485:8)\n    at /Users/moshfeghhamedani/Desktop/node-course/vidly/node_modules/kareem/index.js:276:8\n    at /Users/moshfeghhamedani/Desktop/node-course/vidly/node_modules/kareem/index.js:23:7\n    at _combinedTickCallback (internal/process/next_tick.js:131:7)\n    at process._tickCallback (internal/process/next_tick.js:180:9)","name":"CastError","stringValue":"\"1\"","kind":"ObjectId","value":"1","path":"_id","level":"error","timestamp":"2018-02-13T22:38:35.007Z"}
{"level":"info","message":"Listening on port 3000...","timestamp":"2018-02-13T22:41:31.495Z"}
{"level":"info","message":"Connected to mongodb://localhost/vidly_tests...","timestamp":"2018-02-13T22:41:31.500Z"}
{"level":"error","timestamp":"2018-02-13T22:41:31.519Z"}
{"level":"info","message":"Listening on port 3000...","timestamp":"2018-02-13T22:42:08.746Z"}
{"level":"info","message":"Connected to mongodb://localhost/vidly_tests...","timestamp":"2018-02-13T22:42:08.811Z"}
{"level":"info","message":"Listening on port 3000...","timestamp":"2018-02-13T22:42:43.824Z"}
{"level":"info","message":"Connected to mongodb://localhost/vidly_tests...","timestamp":"2018-02-13T22:42:43.898Z"}
{"level":"info","message":"Listening on port 3000...","timestamp":"2018-02-13T22:48:49.381Z"}
{"level":"info","message":"Connected to mongodb://localhost/vidly_tests...","timestamp":"2018-02-13T22:48:49.388Z"}
{"level":"info","message":"Listening on port 3000...","timestamp":"2018-02-13T22:49:48.617Z"}
{"level":"info","message":"Connected to mongodb://localhost/vidly_tests...","timestamp":"2018-02-13T22:49:48.624Z"}
{"level":"info","message":"Listening on port 3000...","timestamp":"2018-02-13T22:50:06.896Z"}
{"level":"info","message":"Connected to mongodb://localhost/vidly_tests...","timestamp":"2018-02-13T22:50:06.900Z"}
{"message":"Cast to ObjectId failed for value \"1\" at path \"_id\" for model \"Genre\"","stack":"CastError: Cast to ObjectId failed for value \"1\" at path \"_id\" for model \"Genre\"\n    at new CastError (/Users/moshfeghhamedani/Desktop/node-course/vidly/node_modules/mongoose/lib/error/cast.js:27:11)\n    at ObjectId.Object.<anonymous>.ObjectId.cast (/Users/moshfeghhamedani/Desktop/node-course/vidly/node_modules/mongoose/lib/schema/objectid.js:158:13)\n    at ObjectId.Object.<anonymous>.SchemaType.applySetters (/Users/moshfeghhamedani/Desktop/node-course/vidly/node_modules/mongoose/lib/schematype.js:701:12)\n    at ObjectId.Object.<anonymous>.SchemaType._castForQuery (/Users/moshfeghhamedani/Desktop/node-course/vidly/node_modules/mongoose/lib/schematype.js:1072:15)\n    at ObjectId.Object.<anonymous>.ObjectId.castForQuery (/Users/moshfeghhamedani/Desktop/node-course/vidly/node_modules/mongoose/lib/schema/objectid.js:198:15)\n    at ObjectId.Object.<anonymous>.SchemaType.castForQueryWrapper (/Users/moshfeghhamedani/Desktop/node-course/vidly/node_modules/mongoose/lib/schematype.js:1041:15)\n    at cast (/Users/moshfeghhamedani/Desktop/node-course/vidly/node_modules/mongoose/lib/cast.js:269:32)\n    at model.Query.Object.<anonymous>.Query.cast (/Users/moshfeghhamedani/Desktop/node-course/vidly/node_modules/mongoose/lib/query.js:3133:12)\n    at model.Query.Object.<anonymous>.Query._castConditions (/Users/moshfeghhamedani/Desktop/node-course/vidly/node_modules/mongoose/lib/query.js:1269:10)\n    at model.Query.Object.<anonymous>.Query._findOne (/Users/moshfeghhamedani/Desktop/node-course/vidly/node_modules/mongoose/lib/query.js:1485:8)\n    at /Users/moshfeghhamedani/Desktop/node-course/vidly/node_modules/kareem/index.js:276:8\n    at /Users/moshfeghhamedani/Desktop/node-course/vidly/node_modules/kareem/index.js:23:7\n    at _combinedTickCallback (internal/process/next_tick.js:131:7)\n    at process._tickCallback (internal/process/next_tick.js:180:9)","name":"CastError","stringValue":"\"1\"","kind":"ObjectId","value":"1","path":"_id","level":"error","timestamp":"2018-02-13T22:50:07.017Z"}
{"level":"info","message":"Listening on port 3000...","timestamp":"2018-02-13T22:51:15.433Z"}
{"level":"info","message":"Connected to mongodb://localhost/vidly_tests...","timestamp":"2018-02-13T22:51:15.439Z"}
{"level":"info","message":"Listening on port 3000...","timestamp":"2018-02-14T17:22:20.952Z"}
{"level":"info","message":"Connected to mongodb://localhost/vidly_tests...","timestamp":"2018-02-14T17:22:21.029Z"}
{"level":"info","message":"Listening on port 3000...","timestamp":"2018-02-14T17:28:10.502Z"}
{"level":"info","message":"Connected to mongodb://localhost/vidly_tests...","timestamp":"2018-02-14T17:28:10.583Z"}
{"level":"info","message":"Listening on port 3000...","timestamp":"2018-02-14T17:31:03.528Z"}
{"level":"info","message":"Connected to mongodb://localhost/vidly_tests...","timestamp":"2018-02-14T17:31:03.591Z"}
{"message":"Genre validation failed: name: Path `name` (`1234`) is shorter than the minimum allowed length (5).","errors":{"name":{"message":"Path `name` (`1234`) is shorter than the minimum allowed length (5).","name":"ValidatorError","properties":{"message":"Path `{PATH}` (`{VALUE}`) is shorter than the minimum allowed length (5).","type":"minlength","minlength":5,"path":"name","value":"1234"},"kind":"minlength","path":"name","value":"1234","$isValidatorError":true}},"_message":"Genre validation failed","stack":"ValidationError: name: Path `name` (`1234`) is shorter than the minimum allowed length (5).\n    at new ValidationError (/Users/moshfeghhamedani/Desktop/node-course/vidly/node_modules/mongoose/lib/error/validation.js:27:11)\n    at model.Object.<anonymous>.Document.invalidate (/Users/moshfeghhamedani/Desktop/node-course/vidly/node_modules/mongoose/lib/document.js:1656:32)\n    at /Users/moshfeghhamedani/Desktop/node-course/vidly/node_modules/mongoose/lib/document.js:1528:17\n    at Immediate._onImmediate (/Users/moshfeghhamedani/Desktop/node-course/vidly/node_modules/mongoose/lib/schematype.js:785:9)\n    at runCallback (timers.js:789:20)\n    at tryOnImmediate (timers.js:751:5)\n    at processImmediate [as _immediateCallback] (timers.js:722:5)","name":"ValidationError","level":"error","timestamp":"2018-02-14T17:31:03.618Z"}
{"level":"info","message":"Listening on port 3000...","timestamp":"2018-02-14T17:33:25.843Z"}
{"level":"info","message":"Connected to mongodb://localhost/vidly_tests...","timestamp":"2018-02-14T17:33:25.905Z"}
{"level":"info","message":"Listening on port 3000...","timestamp":"2018-02-14T17:38:31.430Z"}
{"level":"info","message":"Connected to mongodb://localhost/vidly_tests...","timestamp":"2018-02-14T17:38:31.487Z"}
{"level":"info","message":"Listening on port 3000...","timestamp":"2018-02-14T17:42:06.227Z"}
{"level":"info","message":"Connected to mongodb://localhost/vidly_tests...","timestamp":"2018-02-14T17:42:06.294Z"}
{"message":"Genre validation failed: name: Path `name` (`aaaaaaaaaaaaaaaaaaaaaaaaaaaaaaaaaaaaaaaaaaaaaaaaaaa`) is longer than the maximum allowed length (50).","errors":{"name":{"message":"Path `name` (`aaaaaaaaaaaaaaaaaaaaaaaaaaaaaaaaaaaaaaaaaaaaaaaaaaa`) is longer than the maximum allowed length (50).","name":"ValidatorError","properties":{"message":"Path `{PATH}` (`{VALUE}`) is longer than the maximum allowed length (50).","type":"maxlength","maxlength":50,"path":"name","value":"aaaaaaaaaaaaaaaaaaaaaaaaaaaaaaaaaaaaaaaaaaaaaaaaaaa"},"kind":"maxlength","path":"name","value":"aaaaaaaaaaaaaaaaaaaaaaaaaaaaaaaaaaaaaaaaaaaaaaaaaaa","$isValidatorError":true}},"_message":"Genre validation failed","stack":"ValidationError: name: Path `name` (`aaaaaaaaaaaaaaaaaaaaaaaaaaaaaaaaaaaaaaaaaaaaaaaaaaa`) is longer than the maximum allowed length (50).\n    at new ValidationError (/Users/moshfeghhamedani/Desktop/node-course/vidly/node_modules/mongoose/lib/error/validation.js:27:11)\n    at model.Object.<anonymous>.Document.invalidate (/Users/moshfeghhamedani/Desktop/node-course/vidly/node_modules/mongoose/lib/document.js:1656:32)\n    at /Users/moshfeghhamedani/Desktop/node-course/vidly/node_modules/mongoose/lib/document.js:1528:17\n    at Immediate._onImmediate (/Users/moshfeghhamedani/Desktop/node-course/vidly/node_modules/mongoose/lib/schematype.js:785:9)\n    at runCallback (timers.js:789:20)\n    at tryOnImmediate (timers.js:751:5)\n    at processImmediate [as _immediateCallback] (timers.js:722:5)","name":"ValidationError","level":"error","timestamp":"2018-02-14T17:42:06.358Z"}
{"level":"info","message":"Listening on port 3000...","timestamp":"2018-02-14T17:42:53.311Z"}
{"level":"info","message":"Connected to mongodb://localhost/vidly_tests...","timestamp":"2018-02-14T17:42:53.316Z"}
{"level":"info","message":"Listening on port 3000...","timestamp":"2018-02-14T17:45:14.385Z"}
{"level":"info","message":"Connected to mongodb://localhost/vidly_tests...","timestamp":"2018-02-14T17:45:14.390Z"}
{"level":"info","message":"Listening on port 3000...","timestamp":"2018-02-14T17:46:33.000Z"}
{"level":"info","message":"Connected to mongodb://localhost/vidly_tests...","timestamp":"2018-02-14T17:46:33.005Z"}
{"level":"info","message":"Listening on port 3000...","timestamp":"2018-02-14T18:00:20.704Z"}
{"level":"info","message":"Connected to mongodb://localhost/vidly_tests...","timestamp":"2018-02-14T18:00:20.708Z"}
{"level":"info","message":"Listening on port 3000...","timestamp":"2018-02-14T18:05:29.238Z"}
{"level":"info","message":"Connected to mongodb://localhost/vidly_tests...","timestamp":"2018-02-14T18:05:29.245Z"}
{"level":"info","message":"Listening on port 3000...","timestamp":"2018-02-14T18:12:37.370Z"}
{"level":"info","message":"Connected to mongodb://localhost/vidly_tests...","timestamp":"2018-02-14T18:12:37.422Z"}
{"level":"info","message":"Listening on port 3000...","timestamp":"2018-02-14T18:33:38.432Z"}
{"level":"info","message":"Connected to mongodb://localhost/vidly_tests...","timestamp":"2018-02-14T18:33:38.435Z"}
{"level":"info","message":"Listening on port 3000...","timestamp":"2018-02-14T18:38:42.257Z"}
{"level":"info","message":"Connected to mongodb://localhost/vidly_tests...","timestamp":"2018-02-14T18:38:42.262Z"}
{"level":"info","message":"Listening on port 3000...","timestamp":"2018-02-14T18:40:30.650Z"}
{"level":"info","message":"Connected to mongodb://localhost/vidly_tests...","timestamp":"2018-02-14T18:40:30.719Z"}
{"level":"info","message":"Connected to mongodb://localhost/vidly_tests...","timestamp":"2018-02-14T18:40:31.020Z"}
{"level":"info","message":"Listening on port 3000...","timestamp":"2018-02-14T18:44:44.788Z"}
{"level":"info","message":"Connected to mongodb://localhost/vidly_tests...","timestamp":"2018-02-14T18:44:44.856Z"}
{"level":"info","message":"Listening on port 3000...","timestamp":"2018-02-14T18:44:57.875Z"}
{"level":"info","message":"Connected to mongodb://localhost/vidly_tests...","timestamp":"2018-02-14T18:44:57.949Z"}
{"level":"info","message":"Listening on port 3000...","timestamp":"2018-02-14T18:44:58.243Z"}
{"level":"info","message":"Connected to mongodb://localhost/vidly_tests...","timestamp":"2018-02-14T18:44:58.326Z"}
{"level":"info","message":"Listening on port 3000...","timestamp":"2018-02-14T18:45:17.580Z"}
{"level":"info","message":"Connected to mongodb://localhost/vidly_tests...","timestamp":"2018-02-14T18:45:17.667Z"}
{"level":"info","message":"Listening on port 3000...","timestamp":"2018-02-14T18:45:17.876Z"}
{"level":"info","message":"Connected to mongodb://localhost/vidly_tests...","timestamp":"2018-02-14T18:45:18.077Z"}
{"level":"info","message":"Listening on port 3000...","timestamp":"2018-02-14T18:46:24.885Z"}
{"level":"info","message":"Listening on port 3000...","timestamp":"2018-02-14T18:46:25.022Z"}
{"level":"info","message":"Connected to mongodb://localhost/vidly_tests...","timestamp":"2018-02-14T18:46:25.026Z"}
{"level":"info","message":"Connected to mongodb://localhost/vidly_tests...","timestamp":"2018-02-14T18:46:25.029Z"}
{"level":"info","message":"Listening on port 3000...","timestamp":"2018-02-14T18:47:10.061Z"}
{"level":"info","message":"Connected to mongodb://localhost/vidly_tests...","timestamp":"2018-02-14T18:47:10.071Z"}
{"level":"info","message":"Listening on port 3000...","timestamp":"2018-02-14T18:47:10.216Z"}
{"level":"info","message":"Connected to mongodb://localhost/vidly_tests...","timestamp":"2018-02-14T18:47:10.220Z"}
{"level":"info","message":"Listening on port 3000...","timestamp":"2018-02-14T18:47:52.517Z"}
{"level":"info","message":"Connected to mongodb://localhost/vidly_tests...","timestamp":"2018-02-14T18:47:52.637Z"}
{"level":"info","message":"Listening on port 3000...","timestamp":"2018-02-14T18:47:52.776Z"}
{"level":"info","message":"Connected to mongodb://localhost/vidly_tests...","timestamp":"2018-02-14T18:47:52.780Z"}
{"level":"info","message":"Listening on port 3000...","timestamp":"2018-02-14T18:49:21.585Z"}
{"level":"info","message":"Connected to mongodb://localhost/vidly_tests...","timestamp":"2018-02-14T18:49:21.590Z"}
{"level":"info","message":"Listening on port 3000...","timestamp":"2018-02-14T18:49:21.814Z"}
{"level":"info","message":"Connected to mongodb://localhost/vidly_tests...","timestamp":"2018-02-14T18:49:21.821Z"}
{"level":"info","message":"Listening on port 3000...","timestamp":"2018-02-14T18:57:41.031Z"}
{"level":"info","message":"Connected to mongodb://localhost/vidly_tests...","timestamp":"2018-02-14T18:57:41.036Z"}
{"level":"info","message":"Listening on port 3000...","timestamp":"2018-02-14T18:57:41.196Z"}
{"level":"info","message":"Connected to mongodb://localhost/vidly_tests...","timestamp":"2018-02-14T18:57:41.202Z"}
{"level":"info","message":"Listening on port 3000...","timestamp":"2018-02-14T19:02:21.299Z"}
{"level":"info","message":"Connected to mongodb://localhost/vidly_tests...","timestamp":"2018-02-14T19:02:21.303Z"}
{"level":"info","message":"Listening on port 3000...","timestamp":"2018-02-14T19:02:21.518Z"}
{"level":"info","message":"Connected to mongodb://localhost/vidly_tests...","timestamp":"2018-02-14T19:02:21.524Z"}
{"level":"info","message":"Listening on port 3000...","timestamp":"2018-02-14T19:04:09.454Z"}
{"level":"info","message":"Connected to mongodb://localhost/vidly_tests...","timestamp":"2018-02-14T19:04:09.459Z"}
{"level":"info","message":"Listening on port 3000...","timestamp":"2018-02-14T19:04:09.622Z"}
{"level":"info","message":"Connected to mongodb://localhost/vidly_tests...","timestamp":"2018-02-14T19:04:09.628Z"}
{"level":"info","message":"Listening on port 3000...","timestamp":"2018-02-14T19:05:09.631Z"}
{"level":"info","message":"Connected to mongodb://localhost/vidly_tests...","timestamp":"2018-02-14T19:05:09.637Z"}
{"level":"info","message":"Listening on port 3000...","timestamp":"2018-02-14T19:05:09.801Z"}
{"level":"info","message":"Connected to mongodb://localhost/vidly_tests...","timestamp":"2018-02-14T19:05:09.886Z"}
{"level":"info","message":"Listening on port 3000...","timestamp":"2018-02-14T19:18:37.168Z"}
{"level":"info","message":"Connected to mongodb://localhost/vidly_tests...","timestamp":"2018-02-14T19:18:37.196Z"}
{"level":"info","message":"Listening on port 3000...","timestamp":"2018-02-14T19:18:37.446Z"}
{"level":"info","message":"Connected to mongodb://localhost/vidly_tests...","timestamp":"2018-02-14T19:18:37.501Z"}
{"level":"info","message":"Listening on port 3000...","timestamp":"2018-02-14T19:20:25.615Z"}
{"level":"info","message":"Connected to mongodb://localhost/vidly_tests...","timestamp":"2018-02-14T19:20:25.620Z"}
{"level":"info","message":"Listening on port 3000...","timestamp":"2018-02-14T19:20:25.916Z"}
{"level":"info","message":"Connected to mongodb://localhost/vidly_tests...","timestamp":"2018-02-14T19:20:25.945Z"}
{"level":"info","message":"Listening on port 3000...","timestamp":"2018-02-14T19:20:35.983Z"}
{"level":"info","message":"Connected to mongodb://localhost/vidly_tests...","timestamp":"2018-02-14T19:20:36.012Z"}
{"level":"info","message":"Listening on port 3000...","timestamp":"2018-02-14T19:20:36.279Z"}
{"level":"info","message":"Connected to mongodb://localhost/vidly_tests...","timestamp":"2018-02-14T19:20:36.335Z"}
{"level":"info","message":"Listening on port 3000...","timestamp":"2018-02-14T19:36:04.887Z"}
{"level":"info","message":"Connected to mongodb://localhost/vidly_tests...","timestamp":"2018-02-14T19:36:04.892Z"}
{"level":"info","message":"Listening on port 3000...","timestamp":"2018-02-14T19:36:05.094Z"}
{"level":"info","message":"Connected to mongodb://localhost/vidly_tests...","timestamp":"2018-02-14T19:36:05.147Z"}
{"level":"info","message":"Listening on port 3000...","timestamp":"2018-02-14T19:48:34.498Z"}
{"level":"info","message":"Connected to mongodb://localhost/vidly_tests...","timestamp":"2018-02-14T19:48:34.503Z"}
{"level":"info","message":"Listening on port 3000...","timestamp":"2018-02-14T19:48:34.702Z"}
{"level":"info","message":"Connected to mongodb://localhost/vidly_tests...","timestamp":"2018-02-14T19:48:34.767Z"}
{"level":"info","message":"Listening on port 3000...","timestamp":"2018-02-14T19:49:57.931Z"}
{"level":"info","message":"Connected to mongodb://localhost/vidly_tests...","timestamp":"2018-02-14T19:49:57.936Z"}
{"level":"info","message":"Listening on port 3000...","timestamp":"2018-02-14T19:49:58.154Z"}
{"level":"info","message":"Connected to mongodb://localhost/vidly_tests...","timestamp":"2018-02-14T19:49:58.220Z"}
{"level":"info","message":"Listening on port 3000...","timestamp":"2018-02-14T19:50:06.267Z"}
{"level":"info","message":"Connected to mongodb://localhost/vidly_tests...","timestamp":"2018-02-14T19:50:06.272Z"}
{"level":"info","message":"Listening on port 3000...","timestamp":"2018-02-14T19:50:06.468Z"}
{"level":"info","message":"Connected to mongodb://localhost/vidly_tests...","timestamp":"2018-02-14T19:50:06.475Z"}
{"level":"info","message":"Listening on port 3000...","timestamp":"2018-02-14T19:50:13.734Z"}
{"level":"info","message":"Connected to mongodb://localhost/vidly_tests...","timestamp":"2018-02-14T19:50:13.739Z"}
{"level":"info","message":"Listening on port 3000...","timestamp":"2018-02-14T19:50:13.952Z"}
{"level":"info","message":"Connected to mongodb://localhost/vidly_tests...","timestamp":"2018-02-14T19:50:13.958Z"}
{"level":"info","message":"Listening on port 3000...","timestamp":"2018-02-14T19:51:17.730Z"}
{"level":"info","message":"Connected to mongodb://localhost/vidly_tests...","timestamp":"2018-02-14T19:51:17.735Z"}
{"level":"info","message":"Listening on port 3000...","timestamp":"2018-02-14T19:51:17.943Z"}
{"level":"info","message":"Connected to mongodb://localhost/vidly_tests...","timestamp":"2018-02-14T19:51:17.949Z"}
{"level":"info","message":"Listening on port 3000...","timestamp":"2018-02-14T19:51:37.064Z"}
{"level":"info","message":"Connected to mongodb://localhost/vidly_tests...","timestamp":"2018-02-14T19:51:37.069Z"}
{"level":"info","message":"Listening on port 3000...","timestamp":"2018-02-14T19:51:37.273Z"}
{"level":"info","message":"Connected to mongodb://localhost/vidly_tests...","timestamp":"2018-02-14T19:51:37.279Z"}
{"level":"info","message":"Listening on port 3000...","timestamp":"2018-02-14T19:52:11.237Z"}
{"level":"info","message":"Connected to mongodb://localhost/vidly_tests...","timestamp":"2018-02-14T19:52:11.241Z"}
{"level":"info","message":"Listening on port 3000...","timestamp":"2018-02-14T19:52:11.450Z"}
{"level":"info","message":"Connected to mongodb://localhost/vidly_tests...","timestamp":"2018-02-14T19:52:11.457Z"}
{"level":"info","message":"Listening on port 3000...","timestamp":"2018-02-14T19:52:20.439Z"}
{"level":"info","message":"Connected to mongodb://localhost/vidly_tests...","timestamp":"2018-02-14T19:52:20.443Z"}
{"level":"info","message":"Listening on port 3000...","timestamp":"2018-02-14T19:52:20.782Z"}
{"level":"info","message":"Connected to mongodb://localhost/vidly_tests...","timestamp":"2018-02-14T19:52:20.799Z"}
{"level":"info","message":"Listening on port 3000...","timestamp":"2018-02-14T19:52:26.093Z"}
{"level":"info","message":"Connected to mongodb://localhost/vidly_tests...","timestamp":"2018-02-14T19:52:26.117Z"}
{"level":"info","message":"Listening on port 3000...","timestamp":"2018-02-14T19:52:26.344Z"}
{"level":"info","message":"Connected to mongodb://localhost/vidly_tests...","timestamp":"2018-02-14T19:52:26.392Z"}
{"level":"info","message":"Listening on port 3000...","timestamp":"2018-02-14T19:52:55.450Z"}
{"level":"info","message":"Connected to mongodb://localhost/vidly_tests...","timestamp":"2018-02-14T19:52:55.455Z"}
{"level":"info","message":"Listening on port 3000...","timestamp":"2018-02-14T19:52:55.677Z"}
{"level":"info","message":"Connected to mongodb://localhost/vidly_tests...","timestamp":"2018-02-14T19:52:55.743Z"}
{"level":"info","message":"Listening on port 3000...","timestamp":"2018-02-14T19:55:35.033Z"}
{"level":"info","message":"Connected to mongodb://localhost/vidly_tests...","timestamp":"2018-02-14T19:55:35.037Z"}
{"level":"info","message":"Listening on port 3000...","timestamp":"2018-02-14T19:55:35.285Z"}
{"level":"info","message":"Connected to mongodb://localhost/vidly_tests...","timestamp":"2018-02-14T19:55:35.362Z"}
{"level":"info","message":"Listening on port 3000...","timestamp":"2018-02-14T19:56:00.677Z"}
{"level":"info","message":"Connected to mongodb://localhost/vidly_tests...","timestamp":"2018-02-14T19:56:00.756Z"}
{"message":"Cast to ObjectId failed for value \"1\" at path \"_id\" for model \"Genre\"","stack":"CastError: Cast to ObjectId failed for value \"1\" at path \"_id\" for model \"Genre\"\n    at new CastError (/Users/moshfeghhamedani/Desktop/node-course/vidly/node_modules/mongoose/lib/error/cast.js:27:11)\n    at ObjectId.Object.<anonymous>.ObjectId.cast (/Users/moshfeghhamedani/Desktop/node-course/vidly/node_modules/mongoose/lib/schema/objectid.js:158:13)\n    at ObjectId.Object.<anonymous>.SchemaType.applySetters (/Users/moshfeghhamedani/Desktop/node-course/vidly/node_modules/mongoose/lib/schematype.js:701:12)\n    at ObjectId.Object.<anonymous>.SchemaType._castForQuery (/Users/moshfeghhamedani/Desktop/node-course/vidly/node_modules/mongoose/lib/schematype.js:1072:15)\n    at ObjectId.Object.<anonymous>.ObjectId.castForQuery (/Users/moshfeghhamedani/Desktop/node-course/vidly/node_modules/mongoose/lib/schema/objectid.js:198:15)\n    at ObjectId.Object.<anonymous>.SchemaType.castForQueryWrapper (/Users/moshfeghhamedani/Desktop/node-course/vidly/node_modules/mongoose/lib/schematype.js:1041:15)\n    at cast (/Users/moshfeghhamedani/Desktop/node-course/vidly/node_modules/mongoose/lib/cast.js:269:32)\n    at model.Query.Object.<anonymous>.Query.cast (/Users/moshfeghhamedani/Desktop/node-course/vidly/node_modules/mongoose/lib/query.js:3133:12)\n    at model.Query.Object.<anonymous>.Query._castConditions (/Users/moshfeghhamedani/Desktop/node-course/vidly/node_modules/mongoose/lib/query.js:1269:10)\n    at model.Query.Object.<anonymous>.Query._findOneAndRemove (/Users/moshfeghhamedani/Desktop/node-course/vidly/node_modules/mongoose/lib/query.js:2241:8)\n    at /Users/moshfeghhamedani/Desktop/node-course/vidly/node_modules/kareem/index.js:276:8\n    at /Users/moshfeghhamedani/Desktop/node-course/vidly/node_modules/kareem/index.js:23:7\n    at _combinedTickCallback (internal/process/next_tick.js:131:7)\n    at process._tickCallback (internal/process/next_tick.js:180:9)","name":"CastError","stringValue":"\"1\"","kind":"ObjectId","value":"1","path":"_id","level":"error","timestamp":"2018-02-14T19:56:00.816Z"}
{"level":"info","message":"Listening on port 3000...","timestamp":"2018-02-14T19:56:00.973Z"}
{"level":"info","message":"Connected to mongodb://localhost/vidly_tests...","timestamp":"2018-02-14T19:56:00.979Z"}
{"level":"info","message":"Listening on port 3000...","timestamp":"2018-02-14T19:56:31.752Z"}
{"level":"info","message":"Connected to mongodb://localhost/vidly_tests...","timestamp":"2018-02-14T19:56:31.756Z"}
{"message":"Cast to ObjectId failed for value \"1\" at path \"_id\" for model \"Genre\"","stack":"CastError: Cast to ObjectId failed for value \"1\" at path \"_id\" for model \"Genre\"\n    at new CastError (/Users/moshfeghhamedani/Desktop/node-course/vidly/node_modules/mongoose/lib/error/cast.js:27:11)\n    at ObjectId.Object.<anonymous>.ObjectId.cast (/Users/moshfeghhamedani/Desktop/node-course/vidly/node_modules/mongoose/lib/schema/objectid.js:158:13)\n    at ObjectId.Object.<anonymous>.SchemaType.applySetters (/Users/moshfeghhamedani/Desktop/node-course/vidly/node_modules/mongoose/lib/schematype.js:701:12)\n    at ObjectId.Object.<anonymous>.SchemaType._castForQuery (/Users/moshfeghhamedani/Desktop/node-course/vidly/node_modules/mongoose/lib/schematype.js:1072:15)\n    at ObjectId.Object.<anonymous>.ObjectId.castForQuery (/Users/moshfeghhamedani/Desktop/node-course/vidly/node_modules/mongoose/lib/schema/objectid.js:198:15)\n    at ObjectId.Object.<anonymous>.SchemaType.castForQueryWrapper (/Users/moshfeghhamedani/Desktop/node-course/vidly/node_modules/mongoose/lib/schematype.js:1041:15)\n    at cast (/Users/moshfeghhamedani/Desktop/node-course/vidly/node_modules/mongoose/lib/cast.js:269:32)\n    at model.Query.Object.<anonymous>.Query.cast (/Users/moshfeghhamedani/Desktop/node-course/vidly/node_modules/mongoose/lib/query.js:3133:12)\n    at model.Query.Object.<anonymous>.Query._castConditions (/Users/moshfeghhamedani/Desktop/node-course/vidly/node_modules/mongoose/lib/query.js:1269:10)\n    at model.Query.Object.<anonymous>.Query._findOneAndRemove (/Users/moshfeghhamedani/Desktop/node-course/vidly/node_modules/mongoose/lib/query.js:2241:8)\n    at /Users/moshfeghhamedani/Desktop/node-course/vidly/node_modules/kareem/index.js:276:8\n    at /Users/moshfeghhamedani/Desktop/node-course/vidly/node_modules/kareem/index.js:23:7\n    at _combinedTickCallback (internal/process/next_tick.js:131:7)\n    at process._tickCallback (internal/process/next_tick.js:180:9)","name":"CastError","stringValue":"\"1\"","kind":"ObjectId","value":"1","path":"_id","level":"error","timestamp":"2018-02-14T19:56:31.816Z"}
{"level":"info","message":"Listening on port 3000...","timestamp":"2018-02-14T19:56:31.976Z"}
{"level":"info","message":"Connected to mongodb://localhost/vidly_tests...","timestamp":"2018-02-14T19:56:31.983Z"}
{"level":"info","message":"Listening on port 3000...","timestamp":"2018-02-14T19:56:46.385Z"}
{"level":"info","message":"Connected to mongodb://localhost/vidly_tests...","timestamp":"2018-02-14T19:56:46.488Z"}
{"message":"Cast to ObjectId failed for value \"1\" at path \"_id\" for model \"Genre\"","stack":"CastError: Cast to ObjectId failed for value \"1\" at path \"_id\" for model \"Genre\"\n    at new CastError (/Users/moshfeghhamedani/Desktop/node-course/vidly/node_modules/mongoose/lib/error/cast.js:27:11)\n    at ObjectId.Object.<anonymous>.ObjectId.cast (/Users/moshfeghhamedani/Desktop/node-course/vidly/node_modules/mongoose/lib/schema/objectid.js:158:13)\n    at ObjectId.Object.<anonymous>.SchemaType.applySetters (/Users/moshfeghhamedani/Desktop/node-course/vidly/node_modules/mongoose/lib/schematype.js:701:12)\n    at ObjectId.Object.<anonymous>.SchemaType._castForQuery (/Users/moshfeghhamedani/Desktop/node-course/vidly/node_modules/mongoose/lib/schematype.js:1072:15)\n    at ObjectId.Object.<anonymous>.ObjectId.castForQuery (/Users/moshfeghhamedani/Desktop/node-course/vidly/node_modules/mongoose/lib/schema/objectid.js:198:15)\n    at ObjectId.Object.<anonymous>.SchemaType.castForQueryWrapper (/Users/moshfeghhamedani/Desktop/node-course/vidly/node_modules/mongoose/lib/schematype.js:1041:15)\n    at cast (/Users/moshfeghhamedani/Desktop/node-course/vidly/node_modules/mongoose/lib/cast.js:269:32)\n    at model.Query.Object.<anonymous>.Query.cast (/Users/moshfeghhamedani/Desktop/node-course/vidly/node_modules/mongoose/lib/query.js:3133:12)\n    at model.Query.Object.<anonymous>.Query._castConditions (/Users/moshfeghhamedani/Desktop/node-course/vidly/node_modules/mongoose/lib/query.js:1269:10)\n    at model.Query.Object.<anonymous>.Query._findOneAndRemove (/Users/moshfeghhamedani/Desktop/node-course/vidly/node_modules/mongoose/lib/query.js:2241:8)\n    at /Users/moshfeghhamedani/Desktop/node-course/vidly/node_modules/kareem/index.js:276:8\n    at /Users/moshfeghhamedani/Desktop/node-course/vidly/node_modules/kareem/index.js:23:7\n    at _combinedTickCallback (internal/process/next_tick.js:131:7)\n    at process._tickCallback (internal/process/next_tick.js:180:9)","name":"CastError","stringValue":"\"1\"","kind":"ObjectId","value":"1","path":"_id","level":"error","timestamp":"2018-02-14T19:56:46.548Z"}
{"level":"info","message":"Listening on port 3000...","timestamp":"2018-02-14T19:56:46.692Z"}
{"level":"info","message":"Connected to mongodb://localhost/vidly_tests...","timestamp":"2018-02-14T19:56:46.698Z"}
{"level":"info","message":"Listening on port 3000...","timestamp":"2018-02-14T19:57:31.717Z"}
{"level":"info","message":"Connected to mongodb://localhost/vidly_tests...","timestamp":"2018-02-14T19:57:31.722Z"}
{"level":"info","message":"Listening on port 3000...","timestamp":"2018-02-14T19:57:31.931Z"}
{"level":"info","message":"Connected to mongodb://localhost/vidly_tests...","timestamp":"2018-02-14T19:57:31.938Z"}
{"level":"info","message":"Listening on port 3000...","timestamp":"2018-02-14T19:58:20.530Z"}
{"level":"info","message":"Connected to mongodb://localhost/vidly_tests...","timestamp":"2018-02-14T19:58:20.534Z"}
{"level":"info","message":"Listening on port 3000...","timestamp":"2018-02-14T19:58:20.747Z"}
{"level":"info","message":"Connected to mongodb://localhost/vidly_tests...","timestamp":"2018-02-14T19:58:20.753Z"}
{"level":"info","message":"Listening on port 3000...","timestamp":"2018-02-14T19:58:27.180Z"}
{"level":"info","message":"Connected to mongodb://localhost/vidly_tests...","timestamp":"2018-02-14T19:58:27.184Z"}
{"level":"info","message":"Listening on port 3000...","timestamp":"2018-02-14T19:58:27.537Z"}
{"level":"info","message":"Connected to mongodb://localhost/vidly_tests...","timestamp":"2018-02-14T19:58:27.549Z"}
{"level":"info","message":"Listening on port 3000...","timestamp":"2018-02-14T19:58:39.049Z"}
{"level":"info","message":"Connected to mongodb://localhost/vidly_tests...","timestamp":"2018-02-14T19:58:39.054Z"}
{"level":"info","message":"Listening on port 3000...","timestamp":"2018-02-14T19:58:39.250Z"}
{"level":"info","message":"Connected to mongodb://localhost/vidly_tests...","timestamp":"2018-02-14T19:58:39.419Z"}
{"level":"info","message":"Listening on port 3000...","timestamp":"2018-02-14T19:59:07.432Z"}
{"level":"info","message":"Connected to mongodb://localhost/vidly_tests...","timestamp":"2018-02-14T19:59:07.470Z"}
{"level":"info","message":"Listening on port 3000...","timestamp":"2018-02-14T19:59:07.660Z"}
{"level":"info","message":"Connected to mongodb://localhost/vidly_tests...","timestamp":"2018-02-14T19:59:07.713Z"}
{"level":"info","message":"Listening on port 3000...","timestamp":"2018-02-14T20:01:10.699Z"}
{"level":"info","message":"Connected to mongodb://localhost/vidly_tests...","timestamp":"2018-02-14T20:01:10.732Z"}
{"level":"info","message":"Listening on port 3000...","timestamp":"2018-02-14T20:01:11.091Z"}
{"level":"info","message":"Connected to mongodb://localhost/vidly_tests...","timestamp":"2018-02-14T20:01:11.139Z"}
{"message":"Cast to ObjectId failed for value \"1\" at path \"_id\" for model \"Genre\"","stack":"CastError: Cast to ObjectId failed for value \"1\" at path \"_id\" for model \"Genre\"\n    at new CastError (/Users/moshfeghhamedani/Desktop/node-course/vidly/node_modules/mongoose/lib/error/cast.js:27:11)\n    at ObjectId.Object.<anonymous>.ObjectId.cast (/Users/moshfeghhamedani/Desktop/node-course/vidly/node_modules/mongoose/lib/schema/objectid.js:158:13)\n    at ObjectId.Object.<anonymous>.SchemaType.applySetters (/Users/moshfeghhamedani/Desktop/node-course/vidly/node_modules/mongoose/lib/schematype.js:701:12)\n    at ObjectId.Object.<anonymous>.SchemaType._castForQuery (/Users/moshfeghhamedani/Desktop/node-course/vidly/node_modules/mongoose/lib/schematype.js:1072:15)\n    at ObjectId.Object.<anonymous>.ObjectId.castForQuery (/Users/moshfeghhamedani/Desktop/node-course/vidly/node_modules/mongoose/lib/schema/objectid.js:198:15)\n    at ObjectId.Object.<anonymous>.SchemaType.castForQueryWrapper (/Users/moshfeghhamedani/Desktop/node-course/vidly/node_modules/mongoose/lib/schematype.js:1041:15)\n    at cast (/Users/moshfeghhamedani/Desktop/node-course/vidly/node_modules/mongoose/lib/cast.js:269:32)\n    at model.Query.Object.<anonymous>.Query.cast (/Users/moshfeghhamedani/Desktop/node-course/vidly/node_modules/mongoose/lib/query.js:3133:12)\n    at model.Query.Object.<anonymous>.Query._castConditions (/Users/moshfeghhamedani/Desktop/node-course/vidly/node_modules/mongoose/lib/query.js:1269:10)\n    at model.Query.Object.<anonymous>.Query._findOneAndUpdate (/Users/moshfeghhamedani/Desktop/node-course/vidly/node_modules/mongoose/lib/query.js:2146:8)\n    at /Users/moshfeghhamedani/Desktop/node-course/vidly/node_modules/kareem/index.js:276:8\n    at /Users/moshfeghhamedani/Desktop/node-course/vidly/node_modules/kareem/index.js:23:7\n    at _combinedTickCallback (internal/process/next_tick.js:131:7)\n    at process._tickCallback (internal/process/next_tick.js:180:9)","name":"CastError","stringValue":"\"1\"","kind":"ObjectId","value":"1","path":"_id","level":"error","timestamp":"2018-02-14T20:01:11.190Z"}
{"level":"info","message":"Listening on port 3000...","timestamp":"2018-02-14T20:01:26.742Z"}
{"level":"info","message":"Connected to mongodb://localhost/vidly_tests...","timestamp":"2018-02-14T20:01:26.747Z"}
{"level":"info","message":"Listening on port 3000...","timestamp":"2018-02-14T20:01:26.956Z"}
{"level":"info","message":"Connected to mongodb://localhost/vidly_tests...","timestamp":"2018-02-14T20:01:27.027Z"}
{"level":"info","message":"Listening on port 3000...","timestamp":"2018-02-14T20:02:04.272Z"}
{"level":"info","message":"Connected to mongodb://localhost/vidly_tests...","timestamp":"2018-02-14T20:02:04.299Z"}
{"level":"info","message":"Listening on port 3000...","timestamp":"2018-02-14T20:02:04.579Z"}
{"level":"info","message":"Connected to mongodb://localhost/vidly_tests...","timestamp":"2018-02-14T20:02:04.630Z"}
{"level":"info","message":"Listening on port 3000...","timestamp":"2019-02-26T21:10:11.953Z"}
{"level":"info","message":"Listening on port 3000...","timestamp":"2019-02-26T21:10:11.979Z"}
{"level":"info","message":"Connected to mongodb://localhost/vidly_tests...","timestamp":"2019-02-26T21:10:13.029Z"}
{"level":"info","message":"Connected to mongodb://localhost/vidly_tests...","timestamp":"2019-02-26T21:10:13.077Z"}
{"level":"info","message":"Listening on port 3000...","timestamp":"2019-02-26T21:13:22.697Z"}
{"level":"info","message":"Listening on port 3000...","timestamp":"2019-02-26T21:13:22.910Z"}
{"level":"info","message":"Connected to mongodb://localhost/vidly_tests...","timestamp":"2019-02-26T21:13:23.724Z"}
{"level":"info","message":"Connected to mongodb://localhost/vidly_tests...","timestamp":"2019-02-26T21:13:23.970Z"}
{"level":"info","message":"Listening on port 3000...","timestamp":"2019-02-26T21:13:25.629Z"}
{"level":"info","message":"Connected to mongodb://localhost/vidly_tests...","timestamp":"2019-02-26T21:13:26.681Z"}
{"level":"info","message":"Listening on port 3009...","timestamp":"2019-02-26T21:23:22.229Z"}
{"level":"info","message":"Listening on port 3009...","timestamp":"2019-02-26T21:23:22.513Z"}
{"level":"info","message":"Connected to mongodb://localhost/vidly_tests...","timestamp":"2019-02-26T21:23:23.285Z"}
{"level":"info","message":"Connected to mongodb://localhost/vidly_tests...","timestamp":"2019-02-26T21:23:23.611Z"}
{"level":"info","message":"Connected to mongodb://localhost/vidly_tests...","timestamp":"2019-02-26T21:23:25.272Z"}
{"level":"info","message":"Listening on port 3000...","timestamp":"2019-02-26T21:23:58.235Z"}
{"level":"info","message":"Listening on port 3000...","timestamp":"2019-02-26T21:23:58.532Z"}
{"level":"info","message":"Listening on port 3000...","timestamp":"2019-02-26T21:23:58.520Z"}
{"level":"info","message":"Connected to mongodb://localhost/vidly_tests...","timestamp":"2019-02-26T21:23:59.296Z"}
{"level":"info","message":"Connected to mongodb://localhost/vidly_tests...","timestamp":"2019-02-26T21:23:59.598Z"}
{"level":"info","message":"Connected to mongodb://localhost/vidly_tests...","timestamp":"2019-02-26T21:23:59.609Z"}
{"level":"info","message":"Listening on port 3000...","timestamp":"2019-02-26T21:31:00.981Z"}
{"level":"info","message":"Listening on port 3000...","timestamp":"2019-02-26T21:31:01.026Z"}
{"level":"info","message":"Connected to mongodb://localhost/vidly_tests...","timestamp":"2019-02-26T21:31:02.027Z"}
{"level":"info","message":"Connected to mongodb://localhost/vidly_tests...","timestamp":"2019-02-26T21:31:02.117Z"}
{"level":"info","message":"Connected to mongodb://localhost/vidly_tests...","timestamp":"2019-02-26T21:31:03.583Z"}
{"level":"info","message":"Listening on port 3000...","timestamp":"2019-02-26T21:39:10.436Z"}
{"level":"info","message":"Listening on port 3000...","timestamp":"2019-02-26T21:39:10.608Z"}
{"level":"info","message":"Listening on port 3000...","timestamp":"2019-02-26T21:39:10.658Z"}
{"level":"info","message":"Connected to mongodb://localhost/vidly_tests...","timestamp":"2019-02-26T21:39:11.494Z"}
{"level":"info","message":"Connected to mongodb://localhost/vidly_tests...","timestamp":"2019-02-26T21:39:11.677Z"}
{"level":"info","message":"Connected to mongodb://localhost/vidly_tests...","timestamp":"2019-02-26T21:39:11.687Z"}
{"level":"info","message":"Listening on port 3000...","timestamp":"2019-02-26T21:39:41.788Z"}
{"level":"info","message":"Connected to mongodb://localhost/vidly_tests...","timestamp":"2019-02-26T21:39:42.867Z"}
{"level":"info","message":"Listening on port 3000...","timestamp":"2019-02-26T21:39:44.461Z"}
{"level":"info","message":"Connected to mongodb://localhost/vidly_tests...","timestamp":"2019-02-26T21:39:45.483Z"}
{"level":"info","message":"Listening on port 3000...","timestamp":"2019-02-26T21:39:46.842Z"}
{"level":"info","message":"Connected to mongodb://localhost/vidly_tests...","timestamp":"2019-02-26T21:39:47.867Z"}
{"level":"info","message":"Listening on port 3000...","timestamp":"2019-02-26T21:41:20.130Z"}
{"level":"info","message":"Connected to mongodb://localhost/vidly_tests...","timestamp":"2019-02-26T21:41:21.156Z"}
{"level":"info","message":"Listening on port 3000...","timestamp":"2019-02-26T21:41:22.577Z"}
{"level":"info","message":"Connected to mongodb://localhost/vidly_tests...","timestamp":"2019-02-26T21:41:23.603Z"}
{"level":"info","message":"Listening on port 3000...","timestamp":"2019-02-26T21:41:25.154Z"}
{"level":"info","message":"Connected to mongodb://localhost/vidly_tests...","timestamp":"2019-02-26T21:41:26.201Z"}
{"level":"info","message":"Listening on port 3000...","timestamp":"2019-02-26T21:42:50.734Z"}
{"level":"info","message":"Connected to mongodb://localhost/vidly_tests...","timestamp":"2019-02-26T21:42:51.794Z"}
{"level":"info","message":"Listening on port 3000...","timestamp":"2019-02-26T21:42:53.181Z"}
{"level":"info","message":"Connected to mongodb://localhost/vidly_tests...","timestamp":"2019-02-26T21:42:54.219Z"}
{"level":"info","message":"Listening on port 3000...","timestamp":"2019-02-26T21:42:55.938Z"}
{"level":"info","message":"Connected to mongodb://localhost/vidly_tests...","timestamp":"2019-02-26T21:42:56.955Z"}
{"level":"info","message":"Listening on port 3000...","timestamp":"2019-02-26T21:43:58.936Z"}
{"level":"info","message":"Connected to mongodb://localhost/vidly_tests...","timestamp":"2019-02-26T21:43:59.961Z"}
{"level":"info","message":"Listening on port 3000...","timestamp":"2019-02-26T21:44:01.267Z"}
{"level":"info","message":"Connected to mongodb://localhost/vidly_tests...","timestamp":"2019-02-26T21:44:02.329Z"}
{"level":"info","message":"Listening on port 3000...","timestamp":"2019-02-26T21:44:04.573Z"}
{"level":"info","message":"Connected to mongodb://localhost/vidly_tests...","timestamp":"2019-02-26T21:44:05.599Z"}
{"level":"info","message":"Listening on port 3000...","timestamp":"2019-02-26T21:44:42.543Z"}
{"level":"info","message":"Listening on port 3000...","timestamp":"2019-02-26T21:44:42.822Z"}
{"level":"info","message":"Connected to mongodb://localhost/vidly_tests...","timestamp":"2019-02-26T21:44:43.581Z"}
{"level":"info","message":"Connected to mongodb://localhost/vidly_tests...","timestamp":"2019-02-26T21:44:43.893Z"}
{"level":"info","message":"Connected to mongodb://localhost/vidly_tests...","timestamp":"2019-02-26T21:44:45.525Z"}
{"level":"info","message":"Listening on port 3000...","timestamp":"2019-02-26T21:44:55.230Z"}
{"level":"info","message":"Listening on port 3000...","timestamp":"2019-02-26T21:44:55.927Z"}
{"level":"info","message":"Connected to mongodb://localhost/vidly_tests...","timestamp":"2019-02-26T21:44:56.277Z"}
{"level":"info","message":"Connected to mongodb://localhost/vidly_tests...","timestamp":"2019-02-26T21:44:56.995Z"}
{"level":"info","message":"Connected to mongodb://localhost/vidly_tests...","timestamp":"2019-02-26T21:44:58.307Z"}
{"level":"info","message":"Listening on port 3000...","timestamp":"2019-02-26T21:45:13.001Z"}
{"level":"info","message":"Listening on port 3000...","timestamp":"2019-02-26T21:45:13.170Z"}
{"level":"info","message":"Listening on port 3000...","timestamp":"2019-02-26T21:45:13.262Z"}
{"level":"info","message":"Connected to mongodb://localhost/vidly_tests...","timestamp":"2019-02-26T21:45:14.047Z"}
{"level":"info","message":"Connected to mongodb://localhost/vidly_tests...","timestamp":"2019-02-26T21:45:14.249Z"}
{"level":"info","message":"Connected to mongodb://localhost/vidly_tests...","timestamp":"2019-02-26T21:45:14.293Z"}
{"level":"info","message":"Listening on port 3000...","timestamp":"2019-02-26T21:45:29.499Z"}
{"level":"info","message":"Connected to mongodb://localhost/vidly_tests...","timestamp":"2019-02-26T21:45:30.565Z"}
{"level":"info","message":"Listening on port 3000...","timestamp":"2019-02-26T21:45:32.093Z"}
{"level":"info","message":"Connected to mongodb://localhost/vidly_tests...","timestamp":"2019-02-26T21:45:33.112Z"}
{"level":"info","message":"Listening on port 3000...","timestamp":"2019-02-26T21:45:34.477Z"}
{"level":"info","message":"Connected to mongodb://localhost/vidly_tests...","timestamp":"2019-02-26T21:45:35.501Z"}
{"level":"info","message":"Listening on port 3000...","timestamp":"2019-02-26T21:48:06.164Z"}
{"level":"info","message":"Connected to mongodb://localhost/vidly_tests...","timestamp":"2019-02-26T21:48:07.176Z"}
{"level":"info","message":"Listening on port 3000...","timestamp":"2019-02-26T21:48:09.583Z"}
{"level":"info","message":"Connected to mongodb://localhost/vidly_tests...","timestamp":"2019-02-26T21:48:10.603Z"}
{"level":"info","message":"Listening on port 3000...","timestamp":"2019-02-26T21:48:11.985Z"}
{"level":"info","message":"Connected to mongodb://localhost/vidly_tests...","timestamp":"2019-02-26T21:48:13.051Z"}
{"level":"info","message":"Listening on port 3000...","timestamp":"2019-02-26T21:48:26.200Z"}
{"level":"info","message":"Connected to mongodb://localhost/vidly_tests...","timestamp":"2019-02-26T21:48:27.227Z"}
{"level":"info","message":"Listening on port 3000...","timestamp":"2019-02-26T21:48:28.922Z"}
{"level":"info","message":"Connected to mongodb://localhost/vidly_tests...","timestamp":"2019-02-26T21:48:29.939Z"}
{"level":"info","message":"Listening on port 3000...","timestamp":"2019-02-26T21:48:31.284Z"}
{"level":"info","message":"Connected to mongodb://localhost/vidly_tests...","timestamp":"2019-02-26T21:48:32.302Z"}
{"level":"info","message":"Listening on port 3000...","timestamp":"2019-02-26T21:49:47.553Z"}
{"level":"info","message":"Connected to mongodb://localhost/vidly_tests...","timestamp":"2019-02-26T21:49:48.581Z"}
{"level":"info","message":"Listening on port 3000...","timestamp":"2019-02-26T21:49:49.915Z"}
{"level":"info","message":"Connected to mongodb://localhost/vidly_tests...","timestamp":"2019-02-26T21:49:50.969Z"}
{"level":"info","message":"Listening on port 3000...","timestamp":"2019-02-26T21:49:52.516Z"}
{"level":"info","message":"Connected to mongodb://localhost/vidly_tests...","timestamp":"2019-02-26T21:49:53.535Z"}
{"level":"info","message":"Listening on port 3000...","timestamp":"2019-02-26T21:51:22.801Z"}
{"level":"info","message":"Connected to mongodb://localhost/vidly_tests...","timestamp":"2019-02-26T21:51:23.819Z"}
{"level":"info","message":"Listening on port 3000...","timestamp":"2019-02-26T21:51:25.164Z"}
{"level":"info","message":"Connected to mongodb://localhost/vidly_tests...","timestamp":"2019-02-26T21:51:26.218Z"}
{"level":"info","message":"Listening on port 3000...","timestamp":"2019-02-26T21:51:27.837Z"}
{"level":"info","message":"Connected to mongodb://localhost/vidly_tests...","timestamp":"2019-02-26T21:51:28.862Z"}
{"level":"info","message":"Listening on port 3000...","timestamp":"2019-02-26T21:51:36.275Z"}
{"level":"info","message":"Connected to mongodb://localhost/vidly_tests...","timestamp":"2019-02-26T21:51:37.296Z"}
{"level":"info","message":"Listening on port 3000...","timestamp":"2019-02-26T21:51:38.636Z"}
{"level":"info","message":"Connected to mongodb://localhost/vidly_tests...","timestamp":"2019-02-26T21:51:39.664Z"}
{"level":"info","message":"Listening on port 3000...","timestamp":"2019-02-26T21:51:41.197Z"}
{"level":"info","message":"Connected to mongodb://localhost/vidly_tests...","timestamp":"2019-02-26T21:51:42.212Z"}
{"level":"info","message":"Listening on port 3000...","timestamp":"2019-02-26T22:08:55.015Z"}
{"level":"info","message":"Connected to mongodb://localhost/vidly_tests...","timestamp":"2019-02-26T22:08:56.155Z"}
{"level":"info","message":"Listening on port 3000...","timestamp":"2019-02-26T22:08:57.507Z"}
{"level":"info","message":"Connected to mongodb://localhost/vidly_tests...","timestamp":"2019-02-26T22:08:58.522Z"}
{"level":"info","message":"Listening on port 3000...","timestamp":"2019-02-26T22:09:00.094Z"}
{"level":"info","message":"Connected to mongodb://localhost/vidly_tests...","timestamp":"2019-02-26T22:09:01.112Z"}
{"level":"info","message":"Listening on port 3000...","timestamp":"2019-02-26T22:09:05.176Z"}
{"level":"info","message":"Connected to mongodb://localhost/vidly_tests...","timestamp":"2019-02-26T22:09:06.195Z"}
{"level":"info","message":"Listening on port 3000...","timestamp":"2019-02-26T22:09:07.548Z"}
{"level":"info","message":"Connected to mongodb://localhost/vidly_tests...","timestamp":"2019-02-26T22:09:08.576Z"}
{"level":"info","message":"Listening on port 3000...","timestamp":"2019-02-26T22:09:10.143Z"}
{"level":"info","message":"Connected to mongodb://localhost/vidly_tests...","timestamp":"2019-02-26T22:09:11.167Z"}
{"level":"info","message":"Listening on port 3000...","timestamp":"2019-02-26T22:09:36.855Z"}
{"level":"info","message":"Connected to mongodb://localhost/vidly_tests...","timestamp":"2019-02-26T22:09:37.915Z"}
{"level":"info","message":"Listening on port 3000...","timestamp":"2019-02-26T22:09:39.251Z"}
{"level":"info","message":"Connected to mongodb://localhost/vidly_tests...","timestamp":"2019-02-26T22:09:40.266Z"}
{"level":"info","message":"Listening on port 3000...","timestamp":"2019-02-26T22:09:41.747Z"}
{"level":"info","message":"Connected to mongodb://localhost/vidly_tests...","timestamp":"2019-02-26T22:09:42.765Z"}
{"level":"info","message":"Listening on port 3000...","timestamp":"2019-02-26T22:10:45.292Z"}
{"level":"info","message":"Connected to mongodb://localhost/vidly_tests...","timestamp":"2019-02-26T22:10:46.316Z"}
{"level":"info","message":"Listening on port 3000...","timestamp":"2019-02-26T22:10:47.678Z"}
{"level":"info","message":"Connected to mongodb://localhost/vidly_tests...","timestamp":"2019-02-26T22:10:48.733Z"}
{"level":"info","message":"Listening on port 3000...","timestamp":"2019-02-26T22:10:50.296Z"}
{"level":"info","message":"Connected to mongodb://localhost/vidly_tests...","timestamp":"2019-02-26T22:10:51.317Z"}
{"level":"info","message":"Listening on port 3000...","timestamp":"2019-02-26T22:11:22.332Z"}
{"level":"info","message":"Connected to mongodb://localhost/vidly_tests...","timestamp":"2019-02-26T22:11:23.516Z"}
{"level":"info","message":"Listening on port 3000...","timestamp":"2019-02-26T22:11:24.902Z"}
{"level":"info","message":"Connected to mongodb://localhost/vidly_tests...","timestamp":"2019-02-26T22:11:25.949Z"}
{"level":"info","message":"Listening on port 3000...","timestamp":"2019-02-26T22:11:27.721Z"}
{"level":"info","message":"Connected to mongodb://localhost/vidly_tests...","timestamp":"2019-02-26T22:11:28.740Z"}
{"level":"info","message":"Listening on port 3000...","timestamp":"2019-02-26T22:12:46.559Z"}
{"level":"info","message":"Connected to mongodb://localhost/vidly_tests...","timestamp":"2019-02-26T22:12:47.573Z"}
{"level":"info","message":"Listening on port 3000...","timestamp":"2019-02-26T22:12:48.933Z"}
{"level":"info","message":"Connected to mongodb://localhost/vidly_tests...","timestamp":"2019-02-26T22:12:49.951Z"}
{"level":"info","message":"Listening on port 3000...","timestamp":"2019-02-26T22:12:51.662Z"}
{"level":"info","message":"Connected to mongodb://localhost/vidly_tests...","timestamp":"2019-02-26T22:12:52.678Z"}
{"level":"info","message":"Listening on port 3000...","timestamp":"2019-02-26T22:15:08.509Z"}
{"level":"info","message":"Connected to mongodb://localhost/vidly_tests...","timestamp":"2019-02-26T22:15:09.535Z"}
{"level":"info","message":"Listening on port 3000...","timestamp":"2019-02-26T22:15:10.913Z"}
{"level":"info","message":"Connected to mongodb://localhost/vidly_tests...","timestamp":"2019-02-26T22:15:11.934Z"}
{"level":"info","message":"Listening on port 3000...","timestamp":"2019-02-26T22:15:13.414Z"}
{"level":"info","message":"Connected to mongodb://localhost/vidly_tests...","timestamp":"2019-02-26T22:15:14.434Z"}
{"level":"info","message":"Listening on port 3000...","timestamp":"2019-02-26T22:17:54.024Z"}
{"level":"info","message":"Connected to mongodb://localhost/vidly_tests...","timestamp":"2019-02-26T22:17:55.066Z"}
{"level":"info","message":"Listening on port 3000...","timestamp":"2019-02-26T22:17:56.464Z"}
{"level":"info","message":"Connected to mongodb://localhost/vidly_tests...","timestamp":"2019-02-26T22:17:57.481Z"}
{"level":"info","message":"Listening on port 3000...","timestamp":"2019-02-26T22:17:59.053Z"}
{"level":"info","message":"Connected to mongodb://localhost/vidly_tests...","timestamp":"2019-02-26T22:18:00.085Z"}
{"level":"info","message":"Listening on port 3000...","timestamp":"2019-02-26T22:18:54.923Z"}
{"level":"info","message":"Connected to mongodb://localhost/vidly_tests...","timestamp":"2019-02-26T22:18:55.947Z"}
{"level":"error","timestamp":"2019-02-26T22:18:57.033Z"}
{"level":"info","message":"Listening on port 3000...","timestamp":"2019-02-26T22:18:57.335Z"}
{"level":"info","message":"Connected to mongodb://localhost/vidly_tests...","timestamp":"2019-02-26T22:18:58.365Z"}
{"level":"info","message":"Listening on port 3000...","timestamp":"2019-02-26T22:19:00.037Z"}
{"level":"info","message":"Connected to mongodb://localhost/vidly_tests...","timestamp":"2019-02-26T22:19:01.054Z"}
{"level":"info","message":"Listening on port 3000...","timestamp":"2019-02-26T22:20:18.426Z"}
{"level":"info","message":"Connected to mongodb://localhost/vidly_tests...","timestamp":"2019-02-26T22:20:19.446Z"}
{"level":"error","timestamp":"2019-02-26T22:20:20.536Z"}
{"level":"info","message":"Listening on port 3000...","timestamp":"2019-02-26T22:20:20.854Z"}
{"level":"info","message":"Connected to mongodb://localhost/vidly_tests...","timestamp":"2019-02-26T22:20:21.912Z"}
{"level":"info","message":"Listening on port 3000...","timestamp":"2019-02-26T22:20:23.486Z"}
{"level":"info","message":"Connected to mongodb://localhost/vidly_tests...","timestamp":"2019-02-26T22:20:24.500Z"}
{"level":"info","message":"Listening on port 3000...","timestamp":"2019-02-26T22:22:14.232Z"}
{"level":"info","message":"Connected to mongodb://localhost/vidly_tests...","timestamp":"2019-02-26T22:22:15.257Z"}
{"level":"info","message":"Listening on port 3000...","timestamp":"2019-02-26T22:22:16.641Z"}
{"level":"info","message":"Connected to mongodb://localhost/vidly_tests...","timestamp":"2019-02-26T22:22:17.660Z"}
{"level":"info","message":"Listening on port 3000...","timestamp":"2019-02-26T22:22:19.395Z"}
{"level":"info","message":"Connected to mongodb://localhost/vidly_tests...","timestamp":"2019-02-26T22:22:20.410Z"}
{"level":"info","message":"Listening on port 3000...","timestamp":"2019-02-26T22:24:11.080Z"}
{"level":"info","message":"Connected to mongodb://localhost/vidly_tests...","timestamp":"2019-02-26T22:24:12.100Z"}
{"level":"info","message":"Listening on port 3000...","timestamp":"2019-02-26T22:24:13.510Z"}
{"level":"info","message":"Connected to mongodb://localhost/vidly_tests...","timestamp":"2019-02-26T22:24:14.528Z"}
{"level":"info","message":"Listening on port 3000...","timestamp":"2019-02-26T22:24:16.104Z"}
{"level":"info","message":"Connected to mongodb://localhost/vidly_tests...","timestamp":"2019-02-26T22:24:17.124Z"}
{"level":"info","message":"Listening on port 3000...","timestamp":"2019-02-26T22:24:41.340Z"}
{"level":"info","message":"Connected to mongodb://localhost/vidly_tests...","timestamp":"2019-02-26T22:24:42.371Z"}
{"message":"No document found for query \"{ _id: 5c75bcab53847521cc7b5f54 }\"","stack":"DocumentNotFoundError: No document found for query \"{ _id: 5c75bcab53847521cc7b5f54 }\"\n    at new DocumentNotFoundError (C:\\Udemy\\NodeJS\\vidly\\node_modules\\mongoose\\lib\\error\\notFound.js:31:11)\n    at $__handleSave (C:\\Udemy\\NodeJS\\vidly\\node_modules\\mongoose\\lib\\model.js:272:17)\n    at C:\\Udemy\\NodeJS\\vidly\\node_modules\\mongoose\\lib\\model.js:209:9\n    at session.endSession (C:\\Udemy\\NodeJS\\vidly\\node_modules\\mongodb\\lib\\utils.js:400:74)\n    at ClientSession.endSession (C:\\Udemy\\NodeJS\\vidly\\node_modules\\mongodb-core\\lib\\sessions.js:69:41)\n    at args.push (C:\\Udemy\\NodeJS\\vidly\\node_modules\\mongodb\\lib\\utils.js:397:17)\n    at handleCallback (C:\\Udemy\\NodeJS\\vidly\\node_modules\\mongodb\\lib\\utils.js:128:55)\n    at C:\\Udemy\\NodeJS\\vidly\\node_modules\\mongodb\\lib\\collection.js:1028:5\n    at C:\\Udemy\\NodeJS\\vidly\\node_modules\\mongodb-core\\lib\\connection\\pool.js:541:18\n    at process._tickCallback (internal/process/next_tick.js:61:11)","name":"DocumentNotFoundError","query":{"_id":"5c75bcab53847521cc7b5f54"},"level":"error","timestamp":"2019-02-26T22:24:43.471Z"}
{"level":"info","message":"Listening on port 3000...","timestamp":"2019-02-26T22:24:43.822Z"}
{"level":"info","message":"Connected to mongodb://localhost/vidly_tests...","timestamp":"2019-02-26T22:24:44.841Z"}
{"level":"info","message":"Listening on port 3000...","timestamp":"2019-02-26T22:24:46.394Z"}
{"level":"info","message":"Connected to mongodb://localhost/vidly_tests...","timestamp":"2019-02-26T22:24:47.412Z"}
{"level":"info","message":"Listening on port 3000...","timestamp":"2019-02-26T22:26:38.172Z"}
{"level":"info","message":"Connected to mongodb://localhost/vidly_tests...","timestamp":"2019-02-26T22:26:39.183Z"}
{"level":"info","message":"Listening on port 3000...","timestamp":"2019-02-26T22:26:40.861Z"}
{"level":"info","message":"Connected to mongodb://localhost/vidly_tests...","timestamp":"2019-02-26T22:26:41.878Z"}
{"level":"info","message":"Listening on port 3000...","timestamp":"2019-02-26T22:27:22.398Z"}
{"level":"info","message":"Connected to mongodb://localhost/vidly_tests...","timestamp":"2019-02-26T22:27:23.414Z"}
{"level":"info","message":"Listening on port 3000...","timestamp":"2019-02-26T22:27:24.910Z"}
{"level":"info","message":"Connected to mongodb://localhost/vidly_tests...","timestamp":"2019-02-26T22:27:25.931Z"}
{"level":"info","message":"Listening on port 3000...","timestamp":"2019-02-26T22:27:27.744Z"}
{"level":"info","message":"Connected to mongodb://localhost/vidly_tests...","timestamp":"2019-02-26T22:27:28.769Z"}
{"message":"No document found for query \"{ _id: 5c75bd51fab17d21cc34c9b0 }\"","stack":"DocumentNotFoundError: No document found for query \"{ _id: 5c75bd51fab17d21cc34c9b0 }\"\n    at new DocumentNotFoundError (C:\\Udemy\\NodeJS\\vidly\\node_modules\\mongoose\\lib\\error\\notFound.js:31:11)\n    at $__handleSave (C:\\Udemy\\NodeJS\\vidly\\node_modules\\mongoose\\lib\\model.js:272:17)\n    at C:\\Udemy\\NodeJS\\vidly\\node_modules\\mongoose\\lib\\model.js:209:9\n    at session.endSession (C:\\Udemy\\NodeJS\\vidly\\node_modules\\mongodb\\lib\\utils.js:400:74)\n    at ClientSession.endSession (C:\\Udemy\\NodeJS\\vidly\\node_modules\\mongodb-core\\lib\\sessions.js:69:41)\n    at args.push (C:\\Udemy\\NodeJS\\vidly\\node_modules\\mongodb\\lib\\utils.js:397:17)\n    at handleCallback (C:\\Udemy\\NodeJS\\vidly\\node_modules\\mongodb\\lib\\utils.js:128:55)\n    at C:\\Udemy\\NodeJS\\vidly\\node_modules\\mongodb\\lib\\collection.js:1028:5\n    at C:\\Udemy\\NodeJS\\vidly\\node_modules\\mongodb-core\\lib\\connection\\pool.js:541:18\n    at process._tickCallback (internal/process/next_tick.js:61:11)","name":"DocumentNotFoundError","query":{"_id":"5c75bd51fab17d21cc34c9b0"},"level":"error","timestamp":"2019-02-26T22:27:29.872Z"}
{"level":"info","message":"Listening on port 3000...","timestamp":"2019-02-26T22:31:17.442Z"}
{"level":"info","message":"Connected to mongodb://localhost/vidly_tests...","timestamp":"2019-02-26T22:31:18.845Z"}
{"level":"info","message":"Listening on port 3000...","timestamp":"2019-02-26T22:31:21.996Z"}
{"level":"info","message":"Connected to mongodb://localhost/vidly_tests...","timestamp":"2019-02-26T22:31:23.081Z"}
{"message":"No document found for query \"{ _id: 5c75be3c1c34261e586c3e2c }\"","stack":"DocumentNotFoundError: No document found for query \"{ _id: 5c75be3c1c34261e586c3e2c }\"\n    at new DocumentNotFoundError (C:\\Udemy\\NodeJS\\vidly\\node_modules\\mongoose\\lib\\error\\notFound.js:31:11)\n    at $__handleSave (C:\\Udemy\\NodeJS\\vidly\\node_modules\\mongoose\\lib\\model.js:272:17)\n    at C:\\Udemy\\NodeJS\\vidly\\node_modules\\mongoose\\lib\\model.js:209:9\n    at session.endSession (C:\\Udemy\\NodeJS\\vidly\\node_modules\\mongodb\\lib\\utils.js:400:74)\n    at ClientSession.endSession (C:\\Udemy\\NodeJS\\vidly\\node_modules\\mongodb-core\\lib\\sessions.js:69:41)\n    at args.push (C:\\Udemy\\NodeJS\\vidly\\node_modules\\mongodb\\lib\\utils.js:397:17)\n    at handleCallback (C:\\Udemy\\NodeJS\\vidly\\node_modules\\mongodb\\lib\\utils.js:128:55)\n    at C:\\Udemy\\NodeJS\\vidly\\node_modules\\mongodb\\lib\\collection.js:1028:5\n    at C:\\Udemy\\NodeJS\\vidly\\node_modules\\mongodb-core\\lib\\connection\\pool.js:541:18\n    at process._tickCallback (internal/process/next_tick.js:61:11)","name":"DocumentNotFoundError","query":{"_id":"5c75be3c1c34261e586c3e2c"},"level":"error","timestamp":"2019-02-26T22:31:24.186Z"}
{"level":"info","message":"Listening on port 3000...","timestamp":"2019-02-26T22:31:24.521Z"}
{"level":"info","message":"Connected to mongodb://localhost/vidly_tests...","timestamp":"2019-02-26T22:31:25.545Z"}
{"level":"info","message":"Listening on port 3000...","timestamp":"2019-02-26T22:31:29.106Z"}
{"level":"info","message":"Connected to mongodb://localhost/vidly_tests...","timestamp":"2019-02-26T22:31:30.134Z"}
{"message":"No document found for query \"{ _id: 5c75be43d1e39b1e5825ca3f }\"","stack":"DocumentNotFoundError: No document found for query \"{ _id: 5c75be43d1e39b1e5825ca3f }\"\n    at new DocumentNotFoundError (C:\\Udemy\\NodeJS\\vidly\\node_modules\\mongoose\\lib\\error\\notFound.js:31:11)\n    at $__handleSave (C:\\Udemy\\NodeJS\\vidly\\node_modules\\mongoose\\lib\\model.js:272:17)\n    at C:\\Udemy\\NodeJS\\vidly\\node_modules\\mongoose\\lib\\model.js:209:9\n    at session.endSession (C:\\Udemy\\NodeJS\\vidly\\node_modules\\mongodb\\lib\\utils.js:400:74)\n    at ClientSession.endSession (C:\\Udemy\\NodeJS\\vidly\\node_modules\\mongodb-core\\lib\\sessions.js:69:41)\n    at args.push (C:\\Udemy\\NodeJS\\vidly\\node_modules\\mongodb\\lib\\utils.js:397:17)\n    at handleCallback (C:\\Udemy\\NodeJS\\vidly\\node_modules\\mongodb\\lib\\utils.js:128:55)\n    at C:\\Udemy\\NodeJS\\vidly\\node_modules\\mongodb\\lib\\collection.js:1028:5\n    at C:\\Udemy\\NodeJS\\vidly\\node_modules\\mongodb-core\\lib\\connection\\pool.js:541:18\n    at process._tickCallback (internal/process/next_tick.js:61:11)","name":"DocumentNotFoundError","query":{"_id":"5c75be43d1e39b1e5825ca3f"},"level":"error","timestamp":"2019-02-26T22:31:31.235Z"}
{"level":"info","message":"Listening on port 3000...","timestamp":"2019-02-26T22:31:31.516Z"}
{"level":"info","message":"Connected to mongodb://localhost/vidly_tests...","timestamp":"2019-02-26T22:31:32.577Z"}
{"level":"info","message":"Listening on port 3000...","timestamp":"2019-02-26T22:31:34.041Z"}
{"level":"info","message":"Connected to mongodb://localhost/vidly_tests...","timestamp":"2019-02-26T22:31:35.056Z"}
{"level":"info","message":"Listening on port 3000...","timestamp":"2019-02-26T22:32:15.635Z"}
{"level":"info","message":"Connected to mongodb://localhost/vidly_tests...","timestamp":"2019-02-26T22:32:16.651Z"}
{"message":"No document found for query \"{ _id: 5c75be71f9df4d1e58c694f3 }\"","stack":"DocumentNotFoundError: No document found for query \"{ _id: 5c75be71f9df4d1e58c694f3 }\"\n    at new DocumentNotFoundError (C:\\Udemy\\NodeJS\\vidly\\node_modules\\mongoose\\lib\\error\\notFound.js:31:11)\n    at $__handleSave (C:\\Udemy\\NodeJS\\vidly\\node_modules\\mongoose\\lib\\model.js:272:17)\n    at C:\\Udemy\\NodeJS\\vidly\\node_modules\\mongoose\\lib\\model.js:209:9\n    at session.endSession (C:\\Udemy\\NodeJS\\vidly\\node_modules\\mongodb\\lib\\utils.js:400:74)\n    at ClientSession.endSession (C:\\Udemy\\NodeJS\\vidly\\node_modules\\mongodb-core\\lib\\sessions.js:69:41)\n    at args.push (C:\\Udemy\\NodeJS\\vidly\\node_modules\\mongodb\\lib\\utils.js:397:17)\n    at handleCallback (C:\\Udemy\\NodeJS\\vidly\\node_modules\\mongodb\\lib\\utils.js:128:55)\n    at C:\\Udemy\\NodeJS\\vidly\\node_modules\\mongodb\\lib\\collection.js:1028:5\n    at C:\\Udemy\\NodeJS\\vidly\\node_modules\\mongodb-core\\lib\\connection\\pool.js:541:18\n    at process._tickCallback (internal/process/next_tick.js:61:11)","name":"DocumentNotFoundError","query":{"_id":"5c75be71f9df4d1e58c694f3"},"level":"error","timestamp":"2019-02-26T22:32:17.726Z"}
{"level":"info","message":"Listening on port 3000...","timestamp":"2019-02-26T22:32:18.208Z"}
{"level":"info","message":"Connected to mongodb://localhost/vidly_tests...","timestamp":"2019-02-26T22:32:19.228Z"}
{"level":"info","message":"Listening on port 3000...","timestamp":"2019-02-26T22:32:20.973Z"}
{"level":"info","message":"Connected to mongodb://localhost/vidly_tests...","timestamp":"2019-02-26T22:32:22.003Z"}
{"level":"info","message":"Listening on port 3000...","timestamp":"2019-02-26T22:34:34.387Z"}
{"level":"info","message":"Connected to mongodb://localhost/vidly_tests...","timestamp":"2019-02-26T22:34:35.405Z"}
{"message":"No document found for query \"{ _id: 5c75befc8f81511e5837ce93 }\"","stack":"DocumentNotFoundError: No document found for query \"{ _id: 5c75befc8f81511e5837ce93 }\"\n    at new DocumentNotFoundError (C:\\Udemy\\NodeJS\\vidly\\node_modules\\mongoose\\lib\\error\\notFound.js:31:11)\n    at $__handleSave (C:\\Udemy\\NodeJS\\vidly\\node_modules\\mongoose\\lib\\model.js:272:17)\n    at C:\\Udemy\\NodeJS\\vidly\\node_modules\\mongoose\\lib\\model.js:209:9\n    at session.endSession (C:\\Udemy\\NodeJS\\vidly\\node_modules\\mongodb\\lib\\utils.js:400:74)\n    at ClientSession.endSession (C:\\Udemy\\NodeJS\\vidly\\node_modules\\mongodb-core\\lib\\sessions.js:69:41)\n    at args.push (C:\\Udemy\\NodeJS\\vidly\\node_modules\\mongodb\\lib\\utils.js:397:17)\n    at handleCallback (C:\\Udemy\\NodeJS\\vidly\\node_modules\\mongodb\\lib\\utils.js:128:55)\n    at C:\\Udemy\\NodeJS\\vidly\\node_modules\\mongodb\\lib\\collection.js:1028:5\n    at C:\\Udemy\\NodeJS\\vidly\\node_modules\\mongodb-core\\lib\\connection\\pool.js:541:18\n    at process._tickCallback (internal/process/next_tick.js:61:11)","name":"DocumentNotFoundError","query":{"_id":"5c75befc8f81511e5837ce93"},"level":"error","timestamp":"2019-02-26T22:34:36.515Z"}
{"level":"info","message":"Listening on port 3000...","timestamp":"2019-02-26T22:34:36.975Z"}
{"level":"info","message":"Connected to mongodb://localhost/vidly_tests...","timestamp":"2019-02-26T22:34:38.033Z"}
{"level":"info","message":"Listening on port 3000...","timestamp":"2019-02-26T22:34:39.574Z"}
{"level":"info","message":"Connected to mongodb://localhost/vidly_tests...","timestamp":"2019-02-26T22:34:40.609Z"}
